{
"contracts/Raffle.sol":{"l":{"55":3,"56":3,"57":3,"58":3,"59":3,"60":3,"61":3,"62":3,"66":17,"67":1,"70":16,"71":1,"74":15,"75":15,"98":10,"99":10,"100":10,"101":10,"102":10,"109":6,"110":6,"111":1,"117":5,"118":5,"125":5,"134":0,"135":0,"136":0,"137":0,"138":0,"139":0,"140":0,"142":0,"143":0,"146":0,"150":0,"154":1,"158":0,"162":3,"166":0,"170":1,"174":1,"178":0,"182":14},"path":"/home/gabriel/hh-fcc/lottery-smart-contract-fcc/contracts/Raffle.sol","s":{"1":3,"2":3,"3":3,"4":3,"5":3,"6":3,"7":3,"8":3,"9":17,"10":16,"11":15,"12":15,"13":10,"14":10,"15":10,"16":10,"17":10,"18":6,"19":6,"20":5,"21":5,"22":5,"23":0,"24":0,"25":0,"26":0,"27":0,"28":0,"29":0,"30":0,"31":0,"32":0,"33":1,"34":0,"35":3,"36":0,"37":1,"38":1,"39":0,"40":14},"b":{"1":[1,16],"2":[1,15],"3":[1,5],"4":[0,0]},"f":{"1":3,"2":17,"3":10,"4":6,"5":0,"6":0,"7":1,"8":0,"9":3,"10":0,"11":1,"12":1,"13":0,"14":14},"fnMap":{"1":{"name":"constructor","line":54,"loc":{"start":{"line":47,"column":4},"end":{"line":63,"column":4}}},"2":{"name":"enterRaffle","line":65,"loc":{"start":{"line":65,"column":4},"end":{"line":76,"column":4}}},"3":{"name":"checkUpkeep","line":87,"loc":{"start":{"line":87,"column":4},"end":{"line":104,"column":4}}},"4":{"name":"performUpkeep","line":106,"loc":{"start":{"line":106,"column":4},"end":{"line":128,"column":4}}},"5":{"name":"fulfillRandomWords","line":130,"loc":{"start":{"line":130,"column":4},"end":{"line":147,"column":4}}},"6":{"name":"getEntranceFee","line":149,"loc":{"start":{"line":149,"column":4},"end":{"line":151,"column":4}}},"7":{"name":"getPlayer","line":153,"loc":{"start":{"line":153,"column":4},"end":{"line":155,"column":4}}},"8":{"name":"getRecentWinner","line":157,"loc":{"start":{"line":157,"column":4},"end":{"line":159,"column":4}}},"9":{"name":"getRaffleState","line":161,"loc":{"start":{"line":161,"column":4},"end":{"line":163,"column":4}}},"10":{"name":"getNumWords","line":165,"loc":{"start":{"line":165,"column":4},"end":{"line":167,"column":4}}},"11":{"name":"getNumberOfPlayers","line":169,"loc":{"start":{"line":169,"column":4},"end":{"line":171,"column":4}}},"12":{"name":"getLatestTimeStamp","line":173,"loc":{"start":{"line":173,"column":4},"end":{"line":175,"column":4}}},"13":{"name":"getRequestConfirmations","line":177,"loc":{"start":{"line":177,"column":4},"end":{"line":179,"column":4}}},"14":{"name":"getInterval","line":181,"loc":{"start":{"line":181,"column":4},"end":{"line":183,"column":4}}}},"statementMap":{"1":{"start":{"line":55,"column":8},"end":{"line":55,"column":35}},"2":{"start":{"line":56,"column":8},"end":{"line":56,"column":69}},"3":{"start":{"line":57,"column":8},"end":{"line":57,"column":26}},"4":{"start":{"line":58,"column":8},"end":{"line":58,"column":40}},"5":{"start":{"line":59,"column":8},"end":{"line":59,"column":44}},"6":{"start":{"line":60,"column":8},"end":{"line":60,"column":40}},"7":{"start":{"line":61,"column":8},"end":{"line":61,"column":39}},"8":{"start":{"line":62,"column":8},"end":{"line":62,"column":28}},"9":{"start":{"line":66,"column":8},"end":{"line":66,"column":2260}},"10":{"start":{"line":70,"column":8},"end":{"line":70,"column":2364}},"11":{"start":{"line":74,"column":8},"end":{"line":74,"column":42}},"12":{"start":{"line":75,"column":8},"end":{"line":75,"column":36}},"13":{"start":{"line":98,"column":8},"end":{"line":98,"column":55}},"14":{"start":{"line":99,"column":8},"end":{"line":99,"column":74}},"15":{"start":{"line":100,"column":8},"end":{"line":100,"column":46}},"16":{"start":{"line":101,"column":8},"end":{"line":101,"column":51}},"17":{"start":{"line":102,"column":8},"end":{"line":102,"column":70}},"18":{"start":{"line":109,"column":8},"end":{"line":109,"column":52}},"19":{"start":{"line":110,"column":8},"end":{"line":110,"column":3747}},"20":{"start":{"line":117,"column":8},"end":{"line":117,"column":46}},"21":{"start":{"line":118,"column":8},"end":{"line":118,"column":4007}},"22":{"start":{"line":125,"column":8},"end":{"line":125,"column":45}},"23":{"start":{"line":134,"column":8},"end":{"line":134,"column":65}},"24":{"start":{"line":135,"column":8},"end":{"line":135,"column":63}},"25":{"start":{"line":136,"column":8},"end":{"line":136,"column":36}},"26":{"start":{"line":137,"column":8},"end":{"line":137,"column":39}},"27":{"start":{"line":138,"column":8},"end":{"line":138,"column":43}},"28":{"start":{"line":139,"column":8},"end":{"line":139,"column":40}},"29":{"start":{"line":140,"column":8},"end":{"line":140,"column":78}},"30":{"start":{"line":142,"column":8},"end":{"line":142,"column":4927}},"31":{"start":{"line":146,"column":8},"end":{"line":146,"column":39}},"32":{"start":{"line":150,"column":8},"end":{"line":150,"column":29}},"33":{"start":{"line":154,"column":8},"end":{"line":154,"column":31}},"34":{"start":{"line":158,"column":8},"end":{"line":158,"column":29}},"35":{"start":{"line":162,"column":8},"end":{"line":162,"column":28}},"36":{"start":{"line":166,"column":8},"end":{"line":166,"column":24}},"37":{"start":{"line":170,"column":8},"end":{"line":170,"column":31}},"38":{"start":{"line":174,"column":8},"end":{"line":174,"column":30}},"39":{"start":{"line":178,"column":8},"end":{"line":178,"column":36}},"40":{"start":{"line":182,"column":8},"end":{"line":182,"column":25}}},"branchMap":{"1":{"line":66,"type":"if","locations":[{"start":{"line":66,"column":8},"end":{"line":66,"column":8}},{"start":{"line":66,"column":8},"end":{"line":66,"column":8}}]},"2":{"line":70,"type":"if","locations":[{"start":{"line":70,"column":8},"end":{"line":70,"column":8}},{"start":{"line":70,"column":8},"end":{"line":70,"column":8}}]},"3":{"line":110,"type":"if","locations":[{"start":{"line":110,"column":8},"end":{"line":110,"column":8}},{"start":{"line":110,"column":8},"end":{"line":110,"column":8}}]},"4":{"line":142,"type":"if","locations":[{"start":{"line":142,"column":8},"end":{"line":142,"column":8}},{"start":{"line":142,"column":8},"end":{"line":142,"column":8}}]}}},
"contracts/test/VRFCoordinatorV2Mock.sol":{"l":{},"path":"/home/gabriel/hh-fcc/lottery-smart-contract-fcc/contracts/test/VRFCoordinatorV2Mock.sol","s":{},"b":{},"f":{},"fnMap":{},"statementMap":{},"branchMap":{}}}
