TN:
SF:/home/gabriel/hh-fcc/lottery-smart-contract-fcc/contracts/Raffle.sol
FN:54,constructor
FN:65,enterRaffle
FN:87,checkUpkeep
FN:106,performUpkeep
FN:130,fulfillRandomWords
FN:149,getEntranceFee
FN:153,getPlayer
FN:157,getRecentWinner
FN:161,getRaffleState
FN:165,getNumWords
FN:169,getNumberOfPlayers
FN:173,getLatestTimeStamp
FN:177,getRequestConfirmations
FN:181,getInterval
FNF:14
FNH:9
FNDA:3,constructor
FNDA:17,enterRaffle
FNDA:10,checkUpkeep
FNDA:6,performUpkeep
FNDA:0,fulfillRandomWords
FNDA:0,getEntranceFee
FNDA:1,getPlayer
FNDA:0,getRecentWinner
FNDA:3,getRaffleState
FNDA:0,getNumWords
FNDA:1,getNumberOfPlayers
FNDA:1,getLatestTimeStamp
FNDA:0,getRequestConfirmations
FNDA:14,getInterval
DA:55,3
DA:56,3
DA:57,3
DA:58,3
DA:59,3
DA:60,3
DA:61,3
DA:62,3
DA:66,17
DA:67,1
DA:70,16
DA:71,1
DA:74,15
DA:75,15
DA:98,10
DA:99,10
DA:100,10
DA:101,10
DA:102,10
DA:109,6
DA:110,6
DA:111,1
DA:117,5
DA:118,5
DA:125,5
DA:134,0
DA:135,0
DA:136,0
DA:137,0
DA:138,0
DA:139,0
DA:140,0
DA:142,0
DA:143,0
DA:146,0
DA:150,0
DA:154,1
DA:158,0
DA:162,3
DA:166,0
DA:170,1
DA:174,1
DA:178,0
DA:182,14
LF:44
LH:30
BRDA:66,1,0,1
BRDA:66,1,1,16
BRDA:70,2,0,1
BRDA:70,2,1,15
BRDA:110,3,0,1
BRDA:110,3,1,5
BRDA:142,4,0,0
BRDA:142,4,1,0
BRF:8
BRH:6
end_of_record
TN:
SF:/home/gabriel/hh-fcc/lottery-smart-contract-fcc/contracts/test/VRFCoordinatorV2Mock.sol
FNF:0
FNH:0
LF:0
LH:0
BRF:0
BRH:0
end_of_record
